<?xml version="1.0" encoding="UTF-8"?>
<!-- Generated by org.testng.reporters.JUnitReportReporter -->
<testsuite skipped="1" hostname="DESKTOP-3SJIT6V" name="TestNg_Basics.TestNg_Basics" tests="2" failures="0" timestamp="19 Mar 2019 06:03:41 GMT" time="0.015" errors="0">
  <testcase name="Dashboard" time="0.015" classname="TestNg_Basics.TestNg_Basics"/>
  <testcase name="Searchtext" time="0.000" classname="TestNg_Basics.TestNg_Basics">
    <skipped/>
  </testcase> <!-- Searchtext -->
</testsuite> <!-- TestNg_Basics.TestNg_Basics -->
