<?xml version="1.0" encoding="UTF-8"?>
<!-- Generated by org.testng.reporters.JUnitReportReporter -->
<testsuite skipped="0" hostname="DESKTOP-3SJIT6V" name="TestNg_Parameters.TestNg_Parameters" tests="2" failures="0" timestamp="08 Mar 2019 06:47:22 GMT" time="27.259" errors="0">
  <testcase name="Parameter_Testing" time="12.920" classname="TestNg_Parameters.TestNg_Parameters"/>
  <testcase name="Parameter_Testing" time="14.339" classname="TestNg_Parameters.TestNg_Parameters"/>
</testsuite> <!-- TestNg_Parameters.TestNg_Parameters -->
