<?xml version="1.0" encoding="UTF-8"?>
<!-- Generated by org.testng.reporters.JUnitReportReporter -->
<testsuite skipped="0" hostname="DESKTOP-3SJIT6V" name="Ngwebdriver_Protractor.NgWebdriver_Test" tests="1" failures="0" timestamp="11 Mar 2019 07:08:32 GMT" time="11.043" errors="0">
  <testcase name="Login" time="11.043" classname="Ngwebdriver_Protractor.NgWebdriver_Test"/>
</testsuite> <!-- Ngwebdriver_Protractor.NgWebdriver_Test -->
