<?xml version="1.0" encoding="UTF-8"?>
<!-- Generated by org.testng.reporters.JUnitReportReporter -->
<testsuite skipped="0" hostname="DESKTOP-3SJIT6V" name="TestNg_Basics.GoogleTest" tests="5" failures="0" timestamp="19 Mar 2019 08:04:16 GMT" time="64.965" errors="0">
  <testcase name="Test2" time="14.210" classname="TestNg_Basics.GoogleTest"/>
  <testcase name="Button" time="10.908" classname="TestNg_Basics.GoogleTest"/>
  <testcase name="Text" time="14.130" classname="TestNg_Basics.GoogleTest"/>
  <testcase name="Test1" time="11.803" classname="TestNg_Basics.GoogleTest"/>
  <testcase name="LaunchUrl" time="13.914" classname="TestNg_Basics.GoogleTest"/>
</testsuite> <!-- TestNg_Basics.GoogleTest -->
