<?xml version="1.0" encoding="UTF-8"?>
<!-- Generated by org.testng.reporters.JUnitReportReporter -->
<testsuite skipped="0" hostname="DESKTOP-3SJIT6V" name="DataDrivenFramework.RegisterEbay_DataProvider" tests="1" failures="0" timestamp="08 Mar 2019 12:51:25 GMT" time="18.001" errors="0">
  <testcase name="Register" time="18.001" classname="DataDrivenFramework.RegisterEbay_DataProvider"/>
</testsuite> <!-- DataDrivenFramework.RegisterEbay_DataProvider -->
