<?xml version="1.0" encoding="UTF-8"?>
<!-- Generated by org.testng.reporters.JUnitReportReporter -->
<testsuite skipped="0" hostname="DESKTOP-3SJIT6V" name="TestNg_Parameters.DataProviderConcept" tests="4" failures="0" timestamp="10 Mar 2019 18:32:51 GMT" time="51.738" errors="0">
  <testcase name="script" time="13.168" classname="TestNg_Parameters.DataProviderConcept"/>
  <testcase name="script" time="12.845" classname="TestNg_Parameters.DataProviderConcept"/>
  <testcase name="script" time="12.886" classname="TestNg_Parameters.DataProviderConcept"/>
  <testcase name="script" time="12.839" classname="TestNg_Parameters.DataProviderConcept"/>
</testsuite> <!-- TestNg_Parameters.DataProviderConcept -->
