<?xml version="1.0" encoding="UTF-8"?>
<!-- Generated by org.testng.reporters.JUnitReportReporter -->
<testsuite skipped="0" hostname="DESKTOP-3SJIT6V" name="TestNg_Basics.InvocationCount" tests="10" failures="0" timestamp="19 Mar 2019 06:03:41 GMT" time="0.018" errors="0">
  <testcase name="count" time="0.000" classname="TestNg_Basics.InvocationCount"/>
  <testcase name="count" time="0.000" classname="TestNg_Basics.InvocationCount"/>
  <testcase name="count" time="0.000" classname="TestNg_Basics.InvocationCount"/>
  <testcase name="count" time="0.015" classname="TestNg_Basics.InvocationCount"/>
  <testcase name="count" time="0.002" classname="TestNg_Basics.InvocationCount"/>
  <testcase name="count" time="0.000" classname="TestNg_Basics.InvocationCount"/>
  <testcase name="count" time="0.000" classname="TestNg_Basics.InvocationCount"/>
  <testcase name="count" time="0.001" classname="TestNg_Basics.InvocationCount"/>
  <testcase name="count" time="0.000" classname="TestNg_Basics.InvocationCount"/>
  <testcase name="count" time="0.000" classname="TestNg_Basics.InvocationCount"/>
</testsuite> <!-- TestNg_Basics.InvocationCount -->
