<?xml version="1.0" encoding="UTF-8"?>
<!-- Generated by org.testng.reporters.JUnitReportReporter -->
<testsuite skipped="0" hostname="DESKTOP-3SJIT6V" name="DataDrivenFramework.Testing_DD" tests="1" failures="0" timestamp="09 Mar 2019 20:32:45 GMT" time="29.008" errors="0">
  <testcase name="rediff" time="29.008" classname="DataDrivenFramework.Testing_DD"/>
</testsuite> <!-- DataDrivenFramework.Testing_DD -->
